02, 15, 2010 (10:04:21): Opening rpy file C:\Program Files\IBM\Rational\Rhapsody\7.5\Share\Properties\PredefinedTypes.sbs
02, 15, 2010 (10:04:21): 
 Started loading C:\Program Files\IBM\Rational\Rhapsody\7.5\Share\Properties\PredefinedTypes.sbs on Monday, February 15, 2010 (10:04:21).-

02, 15, 2010 (10:04:21): 

Starting inUnit resolution phase


02, 15, 2010 (10:04:21): 

Finished inUnit resolution phase


02, 15, 2010 (10:04:21): 
 Finished loading C:\Program Files\IBM\Rational\Rhapsody\7.5\Share\Properties\PredefinedTypes.sbs on Monday, February 15, 2010 (10:04:21).-

02, 15, 2010 (10:04:21): Opening rpy file C:\Program Files\IBM\Rational\Rhapsody\7.5\Share\Properties\PredefinedTypesC++.sbs
02, 15, 2010 (10:04:21): 
 Started loading C:\Program Files\IBM\Rational\Rhapsody\7.5\Share\Properties\PredefinedTypesC++.sbs on Monday, February 15, 2010 (10:04:21).-

02, 15, 2010 (10:04:21): 

Starting inUnit resolution phase


02, 15, 2010 (10:04:21): 

Finished inUnit resolution phase


02, 15, 2010 (10:04:21): 
 Finished loading C:\Program Files\IBM\Rational\Rhapsody\7.5\Share\Properties\PredefinedTypesC++.sbs on Monday, February 15, 2010 (10:04:21).-

02, 15, 2010 (10:04:21): Opening rpy file C:\Projects\TIIRTS\embsysx\rhapsody\embsysx.rpy
02, 15, 2010 (10:04:21): 
 Started loading C:\Projects\TIIRTS\embsysx\rhapsody\embsysx.rpy on Monday, February 15, 2010 (10:04:21).-

02, 15, 2010 (10:04:21): Opening rpy file C:\Projects\TIIRTS\embsysx\rhapsody\embsysx_rpy\Default.sbs
02, 15, 2010 (10:04:21): 
 Started loading C:\Projects\TIIRTS\embsysx\rhapsody\embsysx_rpy\Default.sbs on Monday, February 15, 2010 (10:04:21).-

02, 15, 2010 (10:04:21): 

Starting inUnit resolution phase


02, 15, 2010 (10:04:21): 

Finished inUnit resolution phase


02, 15, 2010 (10:04:21): 
 Finished loading C:\Projects\TIIRTS\embsysx\rhapsody\embsysx_rpy\Default.sbs on Monday, February 15, 2010 (10:04:21).-

02, 15, 2010 (10:04:21): Opening rpy file C:\Projects\TIIRTS\embsysx\rhapsody\embsysx_rpy\DefaultComponent.cmp
02, 15, 2010 (10:04:21): 
 Started loading C:\Projects\TIIRTS\embsysx\rhapsody\embsysx_rpy\DefaultComponent.cmp on Monday, February 15, 2010 (10:04:21).-

02, 15, 2010 (10:04:21): 

Starting inUnit resolution phase


02, 15, 2010 (10:04:21): 

Finished inUnit resolution phase


02, 15, 2010 (10:04:21): 
 Finished loading C:\Projects\TIIRTS\embsysx\rhapsody\embsysx_rpy\DefaultComponent.cmp on Monday, February 15, 2010 (10:04:21).-

02, 15, 2010 (10:04:21): 

Starting inUnit resolution phase


02, 15, 2010 (10:04:21): 

Finished inUnit resolution phase


02, 15, 2010 (10:04:21): 

Starting inUnit resolution phase


02, 15, 2010 (10:04:21): 

Finished inUnit resolution phase


02, 15, 2010 (10:04:21): 

Starting inUnit resolution phase


02, 15, 2010 (10:04:21): 

Finished inUnit resolution phase


02, 15, 2010 (10:04:21): 
 Finished loading C:\Projects\TIIRTS\embsysx\rhapsody\embsysx.rpy on Monday, February 15, 2010 (10:04:21).-

02, 15, 2010 (10:04:21): Opening rpy file C:\Projects\TIIRTS\embsysx\rhapsody\DefaultComponent\DefaultConfig\DefaultConfig.cg_info
02, 15, 2010 (10:04:21): 
 Started loading C:\Projects\TIIRTS\embsysx\rhapsody\DefaultComponent\DefaultConfig\DefaultConfig.cg_info on Monday, February 15, 2010 (10:04:21).-

02, 15, 2010 (10:04:21): 
 Finished loading C:\Projects\TIIRTS\embsysx\rhapsody\DefaultComponent\DefaultConfig\DefaultConfig.cg_info on Monday, February 15, 2010 (10:04:21).-

02, 15, 2010 (10:04:21): Starting checks of EventsBaseID conflicts
02, 15, 2010 (10:04:21): Finished checks of EventsBaseID conflicts
02, 15, 2010 (10:04:21): End Log
