02, 15, 2010 (10:58:48): Starting Pre-Save actions

02, 15, 2010 (10:58:48): Starting Dialogs Check/Save
02, 15, 2010 (10:58:48): Finished Dialogs Check/Save
02, 15, 2010 (10:58:48): Starting Controlled Files Resolution
02, 15, 2010 (10:58:48): Finished Controlled Files Resolution
02, 15, 2010 (10:58:48): Starting Save VBA
02, 15, 2010 (10:58:48): Finished Save VBA
02, 15, 2010 (10:58:48): Finished Pre-Save actions

02, 15, 2010 (10:58:48): Creating C:\Projects\TIIRTS\embsysx\rhapsody\embsysx.rpy
02, 15, 2010 (10:58:48): 
Started writing C:\Projects\TIIRTS\embsysx\rhapsody\embsysx.rpy on Monday, February 15, 2010 (10:58:48)

02, 15, 2010 (10:58:48): version 8.5.2
02, 15, 2010 (10:58:48): 
Started writing C:\Projects\TIIRTS\embsysx\rhapsody\embsysx_rpy\filesTable.dat on Monday, February 15, 2010 (10:58:48)

02, 15, 2010 (10:58:48): Finished writing C:\Projects\TIIRTS\embsysx\rhapsody\embsysx_rpy\filesTable.dat on Monday, February 15, 2010 (10:58:48)

02, 15, 2010 (10:58:48): Creating C:\Projects\TIIRTS\embsysx\rhapsody\embsysx_rpy\Default.sbs
02, 15, 2010 (10:58:48): 
Started writing C:\Projects\TIIRTS\embsysx\rhapsody\embsysx_rpy\Default.sbs on Monday, February 15, 2010 (10:58:48)

02, 15, 2010 (10:58:48): version 8.5.2
02, 15, 2010 (10:58:48): Finished writing C:\Projects\TIIRTS\embsysx\rhapsody\embsysx_rpy\Default.sbs on Monday, February 15, 2010 (10:58:48)

02, 15, 2010 (10:58:48): Creating C:\Projects\TIIRTS\embsysx\rhapsody\embsysx_rpy\DefaultComponent.cmp
02, 15, 2010 (10:58:48): 
Started writing C:\Projects\TIIRTS\embsysx\rhapsody\embsysx_rpy\DefaultComponent.cmp on Monday, February 15, 2010 (10:58:48)

02, 15, 2010 (10:58:48): version 8.5.2
02, 15, 2010 (10:58:48): Finished writing C:\Projects\TIIRTS\embsysx\rhapsody\embsysx_rpy\DefaultComponent.cmp on Monday, February 15, 2010 (10:58:48)

02, 15, 2010 (10:58:48): Finished writing C:\Projects\TIIRTS\embsysx\rhapsody\embsysx.rpy on Monday, February 15, 2010 (10:58:48)

02, 15, 2010 (10:58:48): End Log
